21:22:20:955  INFO 25832 --- [main] com.hmall.cart.CartApplication           : The following 1 profile is active: "local"
21:22:21:904  INFO 25832 --- [main] o.s.cloud.context.scope.GenericScope     : BeanFactory id=724f30cd-b9ca-3af0-bb22-954759485d9c
21:22:22:577  INFO 25832 --- [main] o.s.b.w.embedded.tomcat.TomcatWebServer  : Tomcat initialized with port(s): 8082 (http)
21:22:22:588  INFO 25832 --- [main] o.apache.catalina.core.StandardService   : Starting service [Tomcat]
21:22:22:589  INFO 25832 --- [main] org.apache.catalina.core.StandardEngine  : Starting Servlet engine: [Apache Tomcat/9.0.75]
21:22:22:778  INFO 25832 --- [main] o.a.c.c.C.[Tomcat].[localhost].[/]       : Initializing Spring embedded WebApplicationContext
21:22:22:779  INFO 25832 --- [main] w.s.c.ServletWebServerApplicationContext : Root WebApplicationContext: initialization completed in 1778 ms
21:22:23:149  INFO 25832 --- [main] o.s.c.openfeign.FeignClientFactoryBean   : For 'item-service' URL not provided. Will try picking an instance via load-balancing.
21:22:23:989  INFO 25832 --- [main] c.a.c.sentinel.SentinelWebMvcConfigurer  : [Sentinel Starter] register SentinelWebInterceptor with urlPatterns: [/**].
21:22:25:440  INFO 25832 --- [main] o.s.cloud.commons.util.InetUtils         : Cannot determine local hostname
21:22:26:818  INFO 25832 --- [main] o.s.cloud.commons.util.InetUtils         : Cannot determine local hostname
21:22:26:958  INFO 25832 --- [main] com.alibaba.nacos.common.remote.client   : [RpcClientFactory] create a new rpc client of 2f30d2be-0a4a-4b48-b782-91414e7c1e29
21:22:26:958  INFO 25832 --- [main] com.alibaba.nacos.common.remote.client   : [2f30d2be-0a4a-4b48-b782-91414e7c1e29] RpcClient init label, labels = {module=naming, source=sdk}
21:22:26:961  INFO 25832 --- [main] com.alibaba.nacos.common.remote.client   : [2f30d2be-0a4a-4b48-b782-91414e7c1e29] RpcClient init, ServerListFactory = com.alibaba.nacos.client.naming.core.ServerListManager
21:22:26:961  INFO 25832 --- [main] com.alibaba.nacos.common.remote.client   : [2f30d2be-0a4a-4b48-b782-91414e7c1e29] Registry connection listener to current client:com.alibaba.nacos.client.naming.remote.gprc.redo.NamingGrpcRedoService
21:22:26:962  INFO 25832 --- [main] com.alibaba.nacos.common.remote.client   : [2f30d2be-0a4a-4b48-b782-91414e7c1e29] Register server push request handler:com.alibaba.nacos.client.naming.remote.gprc.NamingPushRequestHandler
21:22:26:963  INFO 25832 --- [main] com.alibaba.nacos.common.remote.client   : [2f30d2be-0a4a-4b48-b782-91414e7c1e29] Try to connect to server on start up, server: {serverIp = '101.42.238.233', server main port = 8848}
21:22:27:142  INFO 25832 --- [main] com.alibaba.nacos.common.remote.client   : [2f30d2be-0a4a-4b48-b782-91414e7c1e29] Success to connect to server [101.42.238.233:8848] on start up, connectionId = 1758806546672_120.8.140.69_24713
21:22:27:142  INFO 25832 --- [main] com.alibaba.nacos.common.remote.client   : [2f30d2be-0a4a-4b48-b782-91414e7c1e29] Register server push request handler:com.alibaba.nacos.common.remote.client.RpcClient$ConnectResetRequestHandler
21:22:27:142  INFO 25832 --- [main] com.alibaba.nacos.common.remote.client   : [2f30d2be-0a4a-4b48-b782-91414e7c1e29] Register server push request handler:com.alibaba.nacos.common.remote.client.RpcClient$$Lambda$417/0x0000000081483250
21:22:27:142  INFO 25832 --- [com.alibaba.nacos.client.remote.worker] com.alibaba.nacos.common.remote.client   : [2f30d2be-0a4a-4b48-b782-91414e7c1e29] Notify connected event to listeners.
21:22:27:208  INFO 25832 --- [main] o.s.b.w.embedded.tomcat.TomcatWebServer  : Tomcat started on port(s): 8082 (http) with context path ''
21:22:27:236  INFO 25832 --- [main] c.a.c.n.registry.NacosServiceRegistry    : nacos registry, DEFAULT_GROUP cart-service 192.168.91.1:8082 register finished
21:22:27:784  INFO 25832 --- [nacos-grpc-client-executor-5] com.alibaba.nacos.common.remote.client   : [2f30d2be-0a4a-4b48-b782-91414e7c1e29] Receive server push request, request = NotifySubscriberRequest, requestId = 471
21:22:27:789  INFO 25832 --- [nacos-grpc-client-executor-5] com.alibaba.nacos.common.remote.client   : [2f30d2be-0a4a-4b48-b782-91414e7c1e29] Ack server push request, request = NotifySubscriberRequest, requestId = 471
21:22:28:368  INFO 25832 --- [main] o.s.cloud.commons.util.InetUtils         : Cannot determine local hostname
21:22:28:375  WARN 25832 --- [main] ConfigServletWebServerApplicationContext : Exception encountered during context initialization - cancelling refresh attempt: org.springframework.context.ApplicationContextException: Failed to start bean 'documentationPluginsBootstrapper'; nested exception is java.lang.NullPointerException: Cannot invoke "org.springframework.web.servlet.mvc.condition.PatternsRequestCondition.getPatterns()" because "this.condition" is null
21:22:28:376  INFO 25832 --- [main] c.a.c.n.registry.NacosServiceRegistry    : De-registering from Nacos Server now...
21:22:28:400  INFO 25832 --- [main] c.a.c.n.registry.NacosServiceRegistry    : De-registration finished.
21:22:28:964  INFO 25832 --- [nacos-grpc-client-executor-8] com.alibaba.nacos.common.remote.client   : [2f30d2be-0a4a-4b48-b782-91414e7c1e29] Receive server push request, request = NotifySubscriberRequest, requestId = 472
21:22:28:966  INFO 25832 --- [nacos-grpc-client-executor-8] com.alibaba.nacos.common.remote.client   : [2f30d2be-0a4a-4b48-b782-91414e7c1e29] Ack server push request, request = NotifySubscriberRequest, requestId = 472
21:22:29:053  INFO 25832 --- [main] com.alibaba.nacos.common.remote.client   : Shutdown rpc client, set status to shutdown
21:22:29:053  INFO 25832 --- [main] com.alibaba.nacos.common.remote.client   : Shutdown client event executor java.util.concurrent.ScheduledThreadPoolExecutor@d8cece4[Running, pool size = 2, active threads = 2, queued tasks = 0, completed tasks = 0]
21:22:29:053  INFO 25832 --- [main] com.alibaba.nacos.common.remote.client   : Close current connection 1758806546672_120.8.140.69_24713
21:22:29:058  INFO 25832 --- [main] c.a.n.c.remote.client.grpc.GrpcClient    : Shutdown grpc executor java.util.concurrent.ThreadPoolExecutor@3a388769[Running, pool size = 9, active threads = 0, queued tasks = 0, completed tasks = 9]
21:22:29:060  INFO 25832 --- [main] com.alibaba.nacos.common.remote.client   : [RpcClientFactory] create a new rpc client of 55bea856-7377-429e-a9c7-7104f253d67c
21:22:29:060  INFO 25832 --- [main] com.alibaba.nacos.common.remote.client   : [55bea856-7377-429e-a9c7-7104f253d67c] RpcClient init label, labels = {module=naming, source=sdk}
21:22:29:060  INFO 25832 --- [main] com.alibaba.nacos.common.remote.client   : [55bea856-7377-429e-a9c7-7104f253d67c] RpcClient init, ServerListFactory = com.alibaba.nacos.client.naming.core.ServerListManager
21:22:29:060  INFO 25832 --- [main] com.alibaba.nacos.common.remote.client   : [55bea856-7377-429e-a9c7-7104f253d67c] Registry connection listener to current client:com.alibaba.nacos.client.naming.remote.gprc.redo.NamingGrpcRedoService
21:22:29:060  INFO 25832 --- [main] com.alibaba.nacos.common.remote.client   : [55bea856-7377-429e-a9c7-7104f253d67c] Register server push request handler:com.alibaba.nacos.client.naming.remote.gprc.NamingPushRequestHandler
21:22:29:060  INFO 25832 --- [main] com.alibaba.nacos.common.remote.client   : [55bea856-7377-429e-a9c7-7104f253d67c] Try to connect to server on start up, server: {serverIp = '101.42.238.233', server main port = 8848}
21:22:29:075  INFO 25832 --- [grpc-nio-worker-ELG-1-4] c.a.n.s.i.g.i.AbstractClientStream       : Received trailers on closed stream:
 Metadata()
 {2}
21:22:29:302  INFO 25832 --- [main] com.alibaba.nacos.common.remote.client   : [55bea856-7377-429e-a9c7-7104f253d67c] Success to connect to server [101.42.238.233:8848] on start up, connectionId = 1758806548792_120.8.140.69_24726
21:22:29:302  INFO 25832 --- [main] com.alibaba.nacos.common.remote.client   : [55bea856-7377-429e-a9c7-7104f253d67c] Register server push request handler:com.alibaba.nacos.common.remote.client.RpcClient$ConnectResetRequestHandler
21:22:29:302  INFO 25832 --- [com.alibaba.nacos.client.remote.worker] com.alibaba.nacos.common.remote.client   : [55bea856-7377-429e-a9c7-7104f253d67c] Notify connected event to listeners.
21:22:29:302  INFO 25832 --- [main] com.alibaba.nacos.common.remote.client   : [55bea856-7377-429e-a9c7-7104f253d67c] Register server push request handler:com.alibaba.nacos.common.remote.client.RpcClient$$Lambda$417/0x0000000081483250
21:22:29:353  INFO 25832 --- [main] o.apache.catalina.core.StandardService   : Stopping service [Tomcat]
21:22:29:365  INFO 25832 --- [main] ConditionEvaluationReportLoggingListener : 

Error starting ApplicationContext. To display the conditions report re-run your application with 'debug' enabled.
21:22:29:388 ERROR 25832 --- [main] o.s.boot.SpringApplication               : Application run failed

org.springframework.context.ApplicationContextException: Failed to start bean 'documentationPluginsBootstrapper'; nested exception is java.lang.NullPointerException: Cannot invoke "org.springframework.web.servlet.mvc.condition.PatternsRequestCondition.getPatterns()" because "this.condition" is null
	at org.springframework.context.support.DefaultLifecycleProcessor.doStart(DefaultLifecycleProcessor.java:181) ~[spring-context-5.3.27.jar:5.3.27]
	at org.springframework.context.support.DefaultLifecycleProcessor.access$200(DefaultLifecycleProcessor.java:54) ~[spring-context-5.3.27.jar:5.3.27]
	at org.springframework.context.support.DefaultLifecycleProcessor$LifecycleGroup.start(DefaultLifecycleProcessor.java:356) ~[spring-context-5.3.27.jar:5.3.27]
	at java.base/java.lang.Iterable.forEach(Iterable.java:75) ~[na:na]
	at org.springframework.context.support.DefaultLifecycleProcessor.startBeans(DefaultLifecycleProcessor.java:155) ~[spring-context-5.3.27.jar:5.3.27]
	at org.springframework.context.support.DefaultLifecycleProcessor.onRefresh(DefaultLifecycleProcessor.java:123) ~[spring-context-5.3.27.jar:5.3.27]
	at org.springframework.context.support.AbstractApplicationContext.finishRefresh(AbstractApplicationContext.java:937) ~[spring-context-5.3.27.jar:5.3.27]
	at org.springframework.context.support.AbstractApplicationContext.refresh(AbstractApplicationContext.java:586) ~[spring-context-5.3.27.jar:5.3.27]
	at org.springframework.boot.web.servlet.context.ServletWebServerApplicationContext.refresh(ServletWebServerApplicationContext.java:147) ~[spring-boot-2.7.12.jar:2.7.12]
	at org.springframework.boot.SpringApplication.refresh(SpringApplication.java:731) ~[spring-boot-2.7.12.jar:2.7.12]
	at org.springframework.boot.SpringApplication.refreshContext(SpringApplication.java:408) ~[spring-boot-2.7.12.jar:2.7.12]
	at org.springframework.boot.SpringApplication.run(SpringApplication.java:307) ~[spring-boot-2.7.12.jar:2.7.12]
	at org.springframework.boot.SpringApplication.run(SpringApplication.java:1303) ~[spring-boot-2.7.12.jar:2.7.12]
	at org.springframework.boot.SpringApplication.run(SpringApplication.java:1292) ~[spring-boot-2.7.12.jar:2.7.12]
	at com.hmall.cart.CartApplication.main(CartApplication.java:14) ~[classes/:na]
Caused by: java.lang.NullPointerException: Cannot invoke "org.springframework.web.servlet.mvc.condition.PatternsRequestCondition.getPatterns()" because "this.condition" is null
	at springfox.documentation.spring.web.WebMvcPatternsRequestConditionWrapper.getPatterns(WebMvcPatternsRequestConditionWrapper.java:56) ~[springfox-spring-webmvc-3.0.0.jar:3.0.0]
	at springfox.documentation.RequestHandler.sortedPaths(RequestHandler.java:113) ~[springfox-core-3.0.0.jar:3.0.0]
	at springfox.documentation.spi.service.contexts.Orderings.lambda$byPatternsCondition$3(Orderings.java:89) ~[springfox-spi-3.0.0.jar:3.0.0]
	at java.base/java.util.Comparator.lambda$comparing$77a9974f$1(Comparator.java:473) ~[na:na]
	at java.base/java.util.TimSort.countRunAndMakeAscending(TimSort.java:355) ~[na:na]
	at java.base/java.util.TimSort.sort(TimSort.java:220) ~[na:na]
	at java.base/java.util.Arrays.sort(Arrays.java:1307) ~[na:na]
	at java.base/java.util.ArrayList.sort(ArrayList.java:1721) ~[na:na]
	at java.base/java.util.stream.SortedOps$RefSortingSink.end(SortedOps.java:392) ~[na:na]
	at java.base/java.util.stream.Sink$ChainedReference.end(Sink.java:258) ~[na:na]
	at java.base/java.util.stream.Sink$ChainedReference.end(Sink.java:258) ~[na:na]
	at java.base/java.util.stream.Sink$ChainedReference.end(Sink.java:258) ~[na:na]
	at java.base/java.util.stream.Sink$ChainedReference.end(Sink.java:258) ~[na:na]
	at java.base/java.util.stream.AbstractPipeline.copyInto(AbstractPipeline.java:510) ~[na:na]
	at java.base/java.util.stream.AbstractPipeline.wrapAndCopyInto(AbstractPipeline.java:499) ~[na:na]
	at java.base/java.util.stream.ReduceOps$ReduceOp.evaluateSequential(ReduceOps.java:921) ~[na:na]
	at java.base/java.util.stream.AbstractPipeline.evaluate(AbstractPipeline.java:234) ~[na:na]
	at java.base/java.util.stream.ReferencePipeline.collect(ReferencePipeline.java:682) ~[na:na]
	at springfox.documentation.spring.web.plugins.WebMvcRequestHandlerProvider.requestHandlers(WebMvcRequestHandlerProvider.java:81) ~[springfox-spring-webmvc-3.0.0.jar:3.0.0]
	at java.base/java.util.stream.ReferencePipeline$3$1.accept(ReferencePipeline.java:197) ~[na:na]
	at java.base/java.util.ArrayList$ArrayListSpliterator.forEachRemaining(ArrayList.java:1625) ~[na:na]
	at java.base/java.util.stream.AbstractPipeline.copyInto(AbstractPipeline.java:509) ~[na:na]
	at java.base/java.util.stream.AbstractPipeline.wrapAndCopyInto(AbstractPipeline.java:499) ~[na:na]
	at java.base/java.util.stream.ReduceOps$ReduceOp.evaluateSequential(ReduceOps.java:921) ~[na:na]
	at java.base/java.util.stream.AbstractPipeline.evaluate(AbstractPipeline.java:234) ~[na:na]
	at java.base/java.util.stream.ReferencePipeline.collect(ReferencePipeline.java:682) ~[na:na]
	at springfox.documentation.spring.web.plugins.AbstractDocumentationPluginsBootstrapper.withDefaults(AbstractDocumentationPluginsBootstrapper.java:107) ~[springfox-spring-web-3.0.0.jar:3.0.0]
	at springfox.documentation.spring.web.plugins.AbstractDocumentationPluginsBootstrapper.buildContext(AbstractDocumentationPluginsBootstrapper.java:91) ~[springfox-spring-web-3.0.0.jar:3.0.0]
	at springfox.documentation.spring.web.plugins.AbstractDocumentationPluginsBootstrapper.bootstrapDocumentationPlugins(AbstractDocumentationPluginsBootstrapper.java:82) ~[springfox-spring-web-3.0.0.jar:3.0.0]
	at springfox.documentation.spring.web.plugins.DocumentationPluginsBootstrapper.start(DocumentationPluginsBootstrapper.java:100) ~[springfox-spring-web-3.0.0.jar:3.0.0]
	at org.springframework.context.support.DefaultLifecycleProcessor.doStart(DefaultLifecycleProcessor.java:178) ~[spring-context-5.3.27.jar:5.3.27]
	... 14 common frames omitted

21:22:29:390  WARN 25832 --- [Thread-5] c.a.nacos.common.notify.NotifyCenter     : [NotifyCenter] Start destroying Publisher
21:22:29:390  WARN 25832 --- [Thread-1] c.a.n.common.http.HttpClientBeanHolder   : [HttpClientBeanHolder] Start destroying common HttpClient
21:22:29:392  WARN 25832 --- [Thread-5] c.a.nacos.common.notify.NotifyCenter     : [NotifyCenter] Destruction of the end
21:25:19:783  INFO 38028 --- [main] com.hmall.cart.CartApplication           : The following 1 profile is active: "local"
21:25:20:795  INFO 38028 --- [main] o.s.cloud.context.scope.GenericScope     : BeanFactory id=724f30cd-b9ca-3af0-bb22-954759485d9c
21:25:21:518  INFO 38028 --- [main] o.s.b.w.embedded.tomcat.TomcatWebServer  : Tomcat initialized with port(s): 8082 (http)
21:25:21:527  INFO 38028 --- [main] o.apache.catalina.core.StandardService   : Starting service [Tomcat]
21:25:21:527  INFO 38028 --- [main] org.apache.catalina.core.StandardEngine  : Starting Servlet engine: [Apache Tomcat/9.0.75]
21:25:21:675  INFO 38028 --- [main] o.a.c.c.C.[Tomcat].[localhost].[/]       : Initializing Spring embedded WebApplicationContext
21:25:21:675  INFO 38028 --- [main] w.s.c.ServletWebServerApplicationContext : Root WebApplicationContext: initialization completed in 1878 ms
21:25:21:982  INFO 38028 --- [main] o.s.c.openfeign.FeignClientFactoryBean   : For 'item-service' URL not provided. Will try picking an instance via load-balancing.
21:25:22:896  INFO 38028 --- [main] c.a.c.sentinel.SentinelWebMvcConfigurer  : [Sentinel Starter] register SentinelWebInterceptor with urlPatterns: [/**].
21:25:24:432  INFO 38028 --- [main] o.s.cloud.commons.util.InetUtils         : Cannot determine local hostname
21:25:25:706  INFO 38028 --- [main] o.s.cloud.commons.util.InetUtils         : Cannot determine local hostname
21:25:25:842  INFO 38028 --- [main] com.alibaba.nacos.common.remote.client   : [RpcClientFactory] create a new rpc client of 9bcbaeb7-8472-47c0-8369-7e161f50ddfc
21:25:25:843  INFO 38028 --- [main] com.alibaba.nacos.common.remote.client   : [9bcbaeb7-8472-47c0-8369-7e161f50ddfc] RpcClient init label, labels = {module=naming, source=sdk}
21:25:25:844  INFO 38028 --- [main] com.alibaba.nacos.common.remote.client   : [9bcbaeb7-8472-47c0-8369-7e161f50ddfc] RpcClient init, ServerListFactory = com.alibaba.nacos.client.naming.core.ServerListManager
21:25:25:844  INFO 38028 --- [main] com.alibaba.nacos.common.remote.client   : [9bcbaeb7-8472-47c0-8369-7e161f50ddfc] Registry connection listener to current client:com.alibaba.nacos.client.naming.remote.gprc.redo.NamingGrpcRedoService
21:25:25:845  INFO 38028 --- [main] com.alibaba.nacos.common.remote.client   : [9bcbaeb7-8472-47c0-8369-7e161f50ddfc] Register server push request handler:com.alibaba.nacos.client.naming.remote.gprc.NamingPushRequestHandler
21:25:25:845  INFO 38028 --- [main] com.alibaba.nacos.common.remote.client   : [9bcbaeb7-8472-47c0-8369-7e161f50ddfc] Try to connect to server on start up, server: {serverIp = '101.42.238.233', server main port = 8848}
21:25:26:003  INFO 38028 --- [main] com.alibaba.nacos.common.remote.client   : [9bcbaeb7-8472-47c0-8369-7e161f50ddfc] Success to connect to server [101.42.238.233:8848] on start up, connectionId = 1758806725541_120.8.140.69_24983
21:25:26:003  INFO 38028 --- [main] com.alibaba.nacos.common.remote.client   : [9bcbaeb7-8472-47c0-8369-7e161f50ddfc] Register server push request handler:com.alibaba.nacos.common.remote.client.RpcClient$ConnectResetRequestHandler
21:25:26:003  INFO 38028 --- [com.alibaba.nacos.client.remote.worker] com.alibaba.nacos.common.remote.client   : [9bcbaeb7-8472-47c0-8369-7e161f50ddfc] Notify connected event to listeners.
21:25:26:003  INFO 38028 --- [main] com.alibaba.nacos.common.remote.client   : [9bcbaeb7-8472-47c0-8369-7e161f50ddfc] Register server push request handler:com.alibaba.nacos.common.remote.client.RpcClient$$Lambda$417/0x0000000081482fe0
21:25:26:057  INFO 38028 --- [main] o.s.b.w.embedded.tomcat.TomcatWebServer  : Tomcat started on port(s): 8082 (http) with context path ''
21:25:26:081  INFO 38028 --- [main] c.a.c.n.registry.NacosServiceRegistry    : nacos registry, DEFAULT_GROUP cart-service 192.168.91.1:8082 register finished
21:25:26:626  INFO 38028 --- [nacos-grpc-client-executor-7] com.alibaba.nacos.common.remote.client   : [9bcbaeb7-8472-47c0-8369-7e161f50ddfc] Receive server push request, request = NotifySubscriberRequest, requestId = 473
21:25:26:632  INFO 38028 --- [nacos-grpc-client-executor-7] com.alibaba.nacos.common.remote.client   : [9bcbaeb7-8472-47c0-8369-7e161f50ddfc] Ack server push request, request = NotifySubscriberRequest, requestId = 473
21:25:27:198  INFO 38028 --- [main] o.s.cloud.commons.util.InetUtils         : Cannot determine local hostname
21:25:27:415  WARN 38028 --- [main] d.s.r.o.OperationImplicitParameterReader : Unable to interpret the implicit parameter configuration with dataType: , dataTypeClass: class java.lang.Void
21:25:27:440  INFO 38028 --- [main] com.hmall.cart.CartApplication           : Started CartApplication in 12.445 seconds (JVM running for 13.031)
21:25:27:446  INFO 38028 --- [main] c.a.c.n.refresh.NacosContextRefresher    : [Nacos Config] Listening config: dataId=cart-service, group=DEFAULT_GROUP
21:25:27:446  INFO 38028 --- [main] c.a.c.n.refresh.NacosContextRefresher    : [Nacos Config] Listening config: dataId=cart-service.yaml, group=DEFAULT_GROUP
21:25:27:447  INFO 38028 --- [main] c.a.c.n.refresh.NacosContextRefresher    : [Nacos Config] Listening config: dataId=cart-service-local.yaml, group=DEFAULT_GROUP
22:50:37:171  INFO 38004 --- [main] com.hmall.cart.CartApplication           : The following 1 profile is active: "local"
22:56:11:569  INFO 25920 --- [main] com.hmall.cart.CartApplication           : The following 1 profile is active: "local"
22:56:12:419  INFO 25920 --- [main] o.s.cloud.context.scope.GenericScope     : BeanFactory id=724f30cd-b9ca-3af0-bb22-954759485d9c
22:56:13:036  INFO 25920 --- [main] o.s.b.w.embedded.tomcat.TomcatWebServer  : Tomcat initialized with port(s): 8082 (http)
22:56:13:045  INFO 25920 --- [main] o.apache.catalina.core.StandardService   : Starting service [Tomcat]
22:56:13:045  INFO 25920 --- [main] org.apache.catalina.core.StandardEngine  : Starting Servlet engine: [Apache Tomcat/9.0.75]
22:56:13:244  INFO 25920 --- [main] o.a.c.c.C.[Tomcat].[localhost].[/]       : Initializing Spring embedded WebApplicationContext
22:56:13:244  INFO 25920 --- [main] w.s.c.ServletWebServerApplicationContext : Root WebApplicationContext: initialization completed in 1661 ms
22:56:13:641  INFO 25920 --- [main] o.s.c.openfeign.FeignClientFactoryBean   : For 'item-service' URL not provided. Will try picking an instance via load-balancing.
22:56:14:483  INFO 25920 --- [main] c.a.c.sentinel.SentinelWebMvcConfigurer  : [Sentinel Starter] register SentinelWebInterceptor with urlPatterns: [/**].
22:56:15:903  INFO 25920 --- [main] o.s.cloud.commons.util.InetUtils         : Cannot determine local hostname
22:56:17:143  INFO 25920 --- [main] o.s.cloud.commons.util.InetUtils         : Cannot determine local hostname
22:56:17:248  INFO 25920 --- [main] com.alibaba.nacos.common.remote.client   : [RpcClientFactory] create a new rpc client of 93d0fafa-6849-48c6-afd6-df66c84fcfc3
22:56:17:248  INFO 25920 --- [main] com.alibaba.nacos.common.remote.client   : [93d0fafa-6849-48c6-afd6-df66c84fcfc3] RpcClient init label, labels = {module=naming, source=sdk}
22:56:17:250  INFO 25920 --- [main] com.alibaba.nacos.common.remote.client   : [93d0fafa-6849-48c6-afd6-df66c84fcfc3] RpcClient init, ServerListFactory = com.alibaba.nacos.client.naming.core.ServerListManager
22:56:17:250  INFO 25920 --- [main] com.alibaba.nacos.common.remote.client   : [93d0fafa-6849-48c6-afd6-df66c84fcfc3] Registry connection listener to current client:com.alibaba.nacos.client.naming.remote.gprc.redo.NamingGrpcRedoService
22:56:17:250  INFO 25920 --- [main] com.alibaba.nacos.common.remote.client   : [93d0fafa-6849-48c6-afd6-df66c84fcfc3] Register server push request handler:com.alibaba.nacos.client.naming.remote.gprc.NamingPushRequestHandler
22:56:17:251  INFO 25920 --- [main] com.alibaba.nacos.common.remote.client   : [93d0fafa-6849-48c6-afd6-df66c84fcfc3] Try to connect to server on start up, server: {serverIp = '101.42.238.233', server main port = 8848}
22:56:17:441  INFO 25920 --- [main] com.alibaba.nacos.common.remote.client   : [93d0fafa-6849-48c6-afd6-df66c84fcfc3] Success to connect to server [101.42.238.233:8848] on start up, connectionId = 1758812176941_120.8.140.69_32695
22:56:17:441  INFO 25920 --- [main] com.alibaba.nacos.common.remote.client   : [93d0fafa-6849-48c6-afd6-df66c84fcfc3] Register server push request handler:com.alibaba.nacos.common.remote.client.RpcClient$ConnectResetRequestHandler
22:56:17:441  INFO 25920 --- [main] com.alibaba.nacos.common.remote.client   : [93d0fafa-6849-48c6-afd6-df66c84fcfc3] Register server push request handler:com.alibaba.nacos.common.remote.client.RpcClient$$Lambda$417/0x0000000081482fe0
22:56:17:441  INFO 25920 --- [com.alibaba.nacos.client.remote.worker] com.alibaba.nacos.common.remote.client   : [93d0fafa-6849-48c6-afd6-df66c84fcfc3] Notify connected event to listeners.
22:56:17:500  INFO 25920 --- [main] o.s.b.w.embedded.tomcat.TomcatWebServer  : Tomcat started on port(s): 8082 (http) with context path ''
22:56:17:533  INFO 25920 --- [main] c.a.c.n.registry.NacosServiceRegistry    : nacos registry, DEFAULT_GROUP cart-service 192.168.91.1:8082 register finished
22:56:18:019  INFO 25920 --- [nacos-grpc-client-executor-7] com.alibaba.nacos.common.remote.client   : [93d0fafa-6849-48c6-afd6-df66c84fcfc3] Receive server push request, request = NotifySubscriberRequest, requestId = 474
22:56:18:023  INFO 25920 --- [nacos-grpc-client-executor-7] com.alibaba.nacos.common.remote.client   : [93d0fafa-6849-48c6-afd6-df66c84fcfc3] Ack server push request, request = NotifySubscriberRequest, requestId = 474
22:56:18:653  INFO 25920 --- [main] o.s.cloud.commons.util.InetUtils         : Cannot determine local hostname
22:56:18:833  WARN 25920 --- [main] d.s.r.o.OperationImplicitParameterReader : Unable to interpret the implicit parameter configuration with dataType: , dataTypeClass: class java.lang.Void
22:56:18:854  INFO 25920 --- [main] com.hmall.cart.CartApplication           : Started CartApplication in 11.693 seconds (JVM running for 12.26)
22:56:18:860  INFO 25920 --- [main] c.a.c.n.refresh.NacosContextRefresher    : [Nacos Config] Listening config: dataId=cart-service, group=DEFAULT_GROUP
22:56:18:860  INFO 25920 --- [main] c.a.c.n.refresh.NacosContextRefresher    : [Nacos Config] Listening config: dataId=cart-service.yaml, group=DEFAULT_GROUP
22:56:18:861  INFO 25920 --- [main] c.a.c.n.refresh.NacosContextRefresher    : [Nacos Config] Listening config: dataId=cart-service-local.yaml, group=DEFAULT_GROUP
23:02:42:928  INFO 34680 --- [main] com.hmall.cart.CartApplication           : The following 1 profile is active: "local"
23:02:43:838  INFO 34680 --- [main] o.s.cloud.context.scope.GenericScope     : BeanFactory id=850e5da9-58dd-3979-8996-d6ddc6f9a1cd
23:02:44:511  INFO 34680 --- [main] o.s.b.w.embedded.tomcat.TomcatWebServer  : Tomcat initialized with port(s): 8082 (http)
23:02:44:530  INFO 34680 --- [main] o.apache.catalina.core.StandardService   : Starting service [Tomcat]
23:02:44:531  INFO 34680 --- [main] org.apache.catalina.core.StandardEngine  : Starting Servlet engine: [Apache Tomcat/9.0.75]
23:02:44:794  INFO 34680 --- [main] o.a.c.c.C.[Tomcat].[localhost].[/]       : Initializing Spring embedded WebApplicationContext
23:02:44:795  INFO 34680 --- [main] w.s.c.ServletWebServerApplicationContext : Root WebApplicationContext: initialization completed in 1852 ms
23:02:45:203  INFO 34680 --- [main] o.s.c.openfeign.FeignClientFactoryBean   : For 'item-service' URL not provided. Will try picking an instance via load-balancing.
23:02:45:944  INFO 34680 --- [main] c.a.c.sentinel.SentinelWebMvcConfigurer  : [Sentinel Starter] register SentinelWebInterceptor with urlPatterns: [/**].
23:02:47:349  INFO 34680 --- [main] o.s.cloud.commons.util.InetUtils         : Cannot determine local hostname
23:02:48:576  INFO 34680 --- [main] o.s.cloud.commons.util.InetUtils         : Cannot determine local hostname
23:02:48:678  INFO 34680 --- [main] com.alibaba.nacos.common.remote.client   : [RpcClientFactory] create a new rpc client of a4b7c844-2451-4f74-91a1-3e9ed0c6c929
23:02:48:678  INFO 34680 --- [main] com.alibaba.nacos.common.remote.client   : [a4b7c844-2451-4f74-91a1-3e9ed0c6c929] RpcClient init label, labels = {module=naming, source=sdk}
23:02:48:679  INFO 34680 --- [main] com.alibaba.nacos.common.remote.client   : [a4b7c844-2451-4f74-91a1-3e9ed0c6c929] RpcClient init, ServerListFactory = com.alibaba.nacos.client.naming.core.ServerListManager
23:02:48:679  INFO 34680 --- [main] com.alibaba.nacos.common.remote.client   : [a4b7c844-2451-4f74-91a1-3e9ed0c6c929] Registry connection listener to current client:com.alibaba.nacos.client.naming.remote.gprc.redo.NamingGrpcRedoService
23:02:48:679  INFO 34680 --- [main] com.alibaba.nacos.common.remote.client   : [a4b7c844-2451-4f74-91a1-3e9ed0c6c929] Register server push request handler:com.alibaba.nacos.client.naming.remote.gprc.NamingPushRequestHandler
23:02:48:680  INFO 34680 --- [main] com.alibaba.nacos.common.remote.client   : [a4b7c844-2451-4f74-91a1-3e9ed0c6c929] Try to connect to server on start up, server: {serverIp = '101.42.238.233', server main port = 8848}
23:02:48:858  INFO 34680 --- [main] com.alibaba.nacos.common.remote.client   : [a4b7c844-2451-4f74-91a1-3e9ed0c6c929] Success to connect to server [101.42.238.233:8848] on start up, connectionId = 1758812568362_120.8.140.69_33276
23:02:48:858  INFO 34680 --- [main] com.alibaba.nacos.common.remote.client   : [a4b7c844-2451-4f74-91a1-3e9ed0c6c929] Register server push request handler:com.alibaba.nacos.common.remote.client.RpcClient$ConnectResetRequestHandler
23:02:48:858  INFO 34680 --- [com.alibaba.nacos.client.remote.worker] com.alibaba.nacos.common.remote.client   : [a4b7c844-2451-4f74-91a1-3e9ed0c6c929] Notify connected event to listeners.
23:02:48:858  INFO 34680 --- [main] com.alibaba.nacos.common.remote.client   : [a4b7c844-2451-4f74-91a1-3e9ed0c6c929] Register server push request handler:com.alibaba.nacos.common.remote.client.RpcClient$$Lambda$417/0x0000000081483250
23:02:48:904  INFO 34680 --- [main] o.s.b.w.embedded.tomcat.TomcatWebServer  : Tomcat started on port(s): 8082 (http) with context path ''
23:02:48:929  INFO 34680 --- [main] c.a.c.n.registry.NacosServiceRegistry    : nacos registry, DEFAULT_GROUP cart-service 192.168.91.1:8082 register finished
23:02:49:438  INFO 34680 --- [nacos-grpc-client-executor-7] com.alibaba.nacos.common.remote.client   : [a4b7c844-2451-4f74-91a1-3e9ed0c6c929] Receive server push request, request = NotifySubscriberRequest, requestId = 475
23:02:49:441  INFO 34680 --- [nacos-grpc-client-executor-7] com.alibaba.nacos.common.remote.client   : [a4b7c844-2451-4f74-91a1-3e9ed0c6c929] Ack server push request, request = NotifySubscriberRequest, requestId = 475
