14:00:27:572  INFO 26092 --- [main] com.hmall.item.ItemApplication           : Starting ItemApplication using Java 11.0.28 on YX with PID 26092 (D:\project\java\hmall\item-service\target\classes started by a3351 in D:\project\java\hmall)
14:00:27:575 DEBUG 26092 --- [main] com.hmall.item.ItemApplication           : Running with Spring Boot v2.7.12, Spring v5.3.27
14:00:27:576  INFO 26092 --- [main] com.hmall.item.ItemApplication           : The following 1 profile is active: "dev"
14:00:28:612  INFO 26092 --- [main] o.s.b.w.embedded.tomcat.TomcatWebServer  : Tomcat initialized with port(s): 8081 (http)
14:00:28:619  INFO 26092 --- [main] o.apache.catalina.core.StandardService   : Starting service [Tomcat]
14:00:28:619  INFO 26092 --- [main] org.apache.catalina.core.StandardEngine  : Starting Servlet engine: [Apache Tomcat/9.0.75]
14:00:28:719  INFO 26092 --- [main] o.a.c.c.C.[Tomcat].[localhost].[/]       : Initializing Spring embedded WebApplicationContext
14:00:28:719  INFO 26092 --- [main] w.s.c.ServletWebServerApplicationContext : Root WebApplicationContext: initialization completed in 1107 ms
14:00:29:576  INFO 26092 --- [main] pertySourcedRequestMappingHandlerMapping : Mapped URL path [/v2/api-docs] onto method [springfox.documentation.swagger2.web.Swagger2ControllerWebMvc#getDocumentation(String, HttpServletRequest)]
14:00:29:638  INFO 26092 --- [main] o.s.b.w.embedded.tomcat.TomcatWebServer  : Tomcat started on port(s): 8081 (http) with context path ''
14:00:29:639  INFO 26092 --- [main] d.s.w.p.DocumentationPluginsBootstrapper : Documentation plugins bootstrapped
14:00:29:641  INFO 26092 --- [main] d.s.w.p.DocumentationPluginsBootstrapper : Found 1 custom documentation plugin(s)
14:00:29:659  INFO 26092 --- [main] s.d.s.w.s.ApiListingReferenceScanner     : Scanning for api listing references
14:00:29:670  INFO 26092 --- [main] com.hmall.item.ItemApplication           : Started ItemApplication in 2.481 seconds (JVM running for 3.547)
14:01:10:974  INFO 21720 --- [main] com.hmall.item.ItemApplication           : Starting ItemApplication using Java 11.0.28 on YX with PID 21720 (D:\project\java\hmall\item-service\target\classes started by a3351 in D:\project\java\hmall)
14:01:10:977 DEBUG 21720 --- [main] com.hmall.item.ItemApplication           : Running with Spring Boot v2.7.12, Spring v5.3.27
14:01:10:978  INFO 21720 --- [main] com.hmall.item.ItemApplication           : The following 1 profile is active: "local"
14:01:12:236  INFO 21720 --- [main] o.s.b.w.embedded.tomcat.TomcatWebServer  : Tomcat initialized with port(s): 8081 (http)
14:01:12:250  INFO 21720 --- [main] o.apache.catalina.core.StandardService   : Starting service [Tomcat]
14:01:12:251  INFO 21720 --- [main] org.apache.catalina.core.StandardEngine  : Starting Servlet engine: [Apache Tomcat/9.0.75]
14:01:12:516  INFO 21720 --- [main] o.a.c.c.C.[Tomcat].[localhost].[/]       : Initializing Spring embedded WebApplicationContext
14:01:12:516  INFO 21720 --- [main] w.s.c.ServletWebServerApplicationContext : Root WebApplicationContext: initialization completed in 1497 ms
14:01:13:529  INFO 21720 --- [main] pertySourcedRequestMappingHandlerMapping : Mapped URL path [/v2/api-docs] onto method [springfox.documentation.swagger2.web.Swagger2ControllerWebMvc#getDocumentation(String, HttpServletRequest)]
14:01:13:612  INFO 21720 --- [main] o.s.b.w.embedded.tomcat.TomcatWebServer  : Tomcat started on port(s): 8081 (http) with context path ''
14:01:13:613  INFO 21720 --- [main] d.s.w.p.DocumentationPluginsBootstrapper : Documentation plugins bootstrapped
14:01:13:615  INFO 21720 --- [main] d.s.w.p.DocumentationPluginsBootstrapper : Found 1 custom documentation plugin(s)
14:01:13:640  INFO 21720 --- [main] s.d.s.w.s.ApiListingReferenceScanner     : Scanning for api listing references
14:01:13:652  INFO 21720 --- [main] com.hmall.item.ItemApplication           : Started ItemApplication in 3.112 seconds (JVM running for 4.069)
14:01:17:580  INFO 21720 --- [http-nio-8081-exec-1] o.a.c.c.C.[Tomcat].[localhost].[/]       : Initializing Spring DispatcherServlet 'dispatcherServlet'
14:01:17:581  INFO 21720 --- [http-nio-8081-exec-1] o.s.web.servlet.DispatcherServlet        : Initializing Servlet 'dispatcherServlet'
14:01:17:582  INFO 21720 --- [http-nio-8081-exec-1] o.s.web.servlet.DispatcherServlet        : Completed initialization in 1 ms
14:01:32:785  WARN 21720 --- [http-nio-8081-exec-5] .w.s.m.s.DefaultHandlerExceptionResolver : Resolved [org.springframework.web.bind.MissingServletRequestParameterException: Required request parameter 'ids' for method parameter type List is not present]
16:16:50:858  INFO 12124 --- [main] com.hmall.item.ItemApplication           : Starting ItemApplication using Java 11.0.28 on YX with PID 12124 (D:\project\java\hmall\item-service\target\classes started by a3351 in D:\project\java\hmall)
16:16:50:864 DEBUG 12124 --- [main] com.hmall.item.ItemApplication           : Running with Spring Boot v2.7.12, Spring v5.3.27
16:16:50:864  INFO 12124 --- [main] com.hmall.item.ItemApplication           : The following 1 profile is active: "local"
16:16:51:910  INFO 12124 --- [main] o.s.cloud.context.scope.GenericScope     : BeanFactory id=5e9bee20-566e-3312-9013-b264af276fc5
16:16:52:277  INFO 12124 --- [main] o.s.b.w.embedded.tomcat.TomcatWebServer  : Tomcat initialized with port(s): 8081 (http)
16:16:52:289  INFO 12124 --- [main] o.apache.catalina.core.StandardService   : Starting service [Tomcat]
16:16:52:289  INFO 12124 --- [main] org.apache.catalina.core.StandardEngine  : Starting Servlet engine: [Apache Tomcat/9.0.75]
16:16:52:419  INFO 12124 --- [main] o.a.c.c.C.[Tomcat].[localhost].[/]       : Initializing Spring embedded WebApplicationContext
16:16:52:419  INFO 12124 --- [main] w.s.c.ServletWebServerApplicationContext : Root WebApplicationContext: initialization completed in 1492 ms
16:16:53:985  INFO 12124 --- [main] pertySourcedRequestMappingHandlerMapping : Mapped URL path [/v2/api-docs] onto method [springfox.documentation.swagger2.web.Swagger2ControllerWebMvc#getDocumentation(String, HttpServletRequest)]
16:16:54:407  INFO 12124 --- [main] com.alibaba.nacos.common.remote.client   : [RpcClientFactory] create a new rpc client of d0cc0fa1-a42a-4d7c-bd36-349383db37e0
16:16:54:470  INFO 12124 --- [main] org.reflections.Reflections              : Reflections took 24 ms to scan 1 urls, producing 3 keys and 6 values 
16:16:54:492  INFO 12124 --- [main] org.reflections.Reflections              : Reflections took 7 ms to scan 1 urls, producing 4 keys and 9 values 
16:16:54:501  INFO 12124 --- [main] org.reflections.Reflections              : Reflections took 5 ms to scan 1 urls, producing 3 keys and 10 values 
16:16:54:504  WARN 12124 --- [main] org.reflections.Reflections              : given scan urls are empty. set urls in the configuration
16:16:54:509  INFO 12124 --- [main] org.reflections.Reflections              : Reflections took 5 ms to scan 1 urls, producing 1 keys and 5 values 
16:16:54:522  INFO 12124 --- [main] org.reflections.Reflections              : Reflections took 9 ms to scan 1 urls, producing 1 keys and 7 values 
16:16:54:531  INFO 12124 --- [main] org.reflections.Reflections              : Reflections took 6 ms to scan 1 urls, producing 2 keys and 8 values 
16:16:54:533  WARN 12124 --- [main] org.reflections.Reflections              : given scan urls are empty. set urls in the configuration
16:16:54:533  INFO 12124 --- [main] com.alibaba.nacos.common.remote.client   : [d0cc0fa1-a42a-4d7c-bd36-349383db37e0] RpcClient init label, labels = {module=naming, source=sdk}
16:16:54:535  INFO 12124 --- [main] com.alibaba.nacos.common.remote.client   : [d0cc0fa1-a42a-4d7c-bd36-349383db37e0] RpcClient init, ServerListFactory = com.alibaba.nacos.client.naming.core.ServerListManager
16:16:54:535  INFO 12124 --- [main] com.alibaba.nacos.common.remote.client   : [d0cc0fa1-a42a-4d7c-bd36-349383db37e0] Registry connection listener to current client:com.alibaba.nacos.client.naming.remote.gprc.redo.NamingGrpcRedoService
16:16:54:536  INFO 12124 --- [main] com.alibaba.nacos.common.remote.client   : [d0cc0fa1-a42a-4d7c-bd36-349383db37e0] Register server push request handler:com.alibaba.nacos.client.naming.remote.gprc.NamingPushRequestHandler
16:16:54:537  INFO 12124 --- [main] com.alibaba.nacos.common.remote.client   : [d0cc0fa1-a42a-4d7c-bd36-349383db37e0] Try to connect to server on start up, server: {serverIp = '101.42.238.233', server main port = 8848}
16:16:55:724  INFO 12124 --- [main] com.alibaba.nacos.common.remote.client   : [d0cc0fa1-a42a-4d7c-bd36-349383db37e0] Success to connect to server [101.42.238.233:8848] on start up, connectionId = 1758529015035_120.8.140.69_37023
16:16:55:724  INFO 12124 --- [com.alibaba.nacos.client.remote.worker] com.alibaba.nacos.common.remote.client   : [d0cc0fa1-a42a-4d7c-bd36-349383db37e0] Notify connected event to listeners.
16:16:55:726  INFO 12124 --- [main] com.alibaba.nacos.common.remote.client   : [d0cc0fa1-a42a-4d7c-bd36-349383db37e0] Register server push request handler:com.alibaba.nacos.common.remote.client.RpcClient$ConnectResetRequestHandler
16:16:55:726  INFO 12124 --- [main] com.alibaba.nacos.common.remote.client   : [d0cc0fa1-a42a-4d7c-bd36-349383db37e0] Register server push request handler:com.alibaba.nacos.common.remote.client.RpcClient$$Lambda$902/0x000000080067b840
16:16:55:821  INFO 12124 --- [main] o.s.b.w.embedded.tomcat.TomcatWebServer  : Tomcat started on port(s): 8081 (http) with context path ''
16:16:55:871  INFO 12124 --- [main] c.a.c.n.registry.NacosServiceRegistry    : nacos registry, DEFAULT_GROUP item-service 192.168.91.1:8081 register finished
16:16:56:151  INFO 12124 --- [main] d.s.w.p.DocumentationPluginsBootstrapper : Documentation plugins bootstrapped
16:16:56:153  INFO 12124 --- [main] d.s.w.p.DocumentationPluginsBootstrapper : Found 1 custom documentation plugin(s)
16:16:56:177  INFO 12124 --- [main] s.d.s.w.s.ApiListingReferenceScanner     : Scanning for api listing references
16:16:56:297  INFO 12124 --- [main] com.hmall.item.ItemApplication           : Started ItemApplication in 6.67 seconds (JVM running for 7.806)
16:16:56:364  INFO 12124 --- [nacos-grpc-client-executor-9] com.alibaba.nacos.common.remote.client   : [d0cc0fa1-a42a-4d7c-bd36-349383db37e0] Receive server push request, request = NotifySubscriberRequest, requestId = 1
16:16:56:368  INFO 12124 --- [nacos-grpc-client-executor-9] com.alibaba.nacos.common.remote.client   : [d0cc0fa1-a42a-4d7c-bd36-349383db37e0] Ack server push request, request = NotifySubscriberRequest, requestId = 1
16:20:11:682  WARN 12124 --- [Thread-4] c.a.nacos.common.notify.NotifyCenter     : [NotifyCenter] Start destroying Publisher
16:20:11:682  WARN 12124 --- [Thread-7] c.a.n.common.http.HttpClientBeanHolder   : [HttpClientBeanHolder] Start destroying common HttpClient
16:20:11:682  WARN 12124 --- [Thread-4] c.a.nacos.common.notify.NotifyCenter     : [NotifyCenter] Destruction of the end
16:20:11:683  WARN 12124 --- [Thread-7] c.a.n.common.http.HttpClientBeanHolder   : [HttpClientBeanHolder] Destruction of the end
16:20:11:905  INFO 12124 --- [SpringApplicationShutdownHook] c.a.c.n.registry.NacosServiceRegistry    : De-registering from Nacos Server now...
16:20:11:934  INFO 12124 --- [SpringApplicationShutdownHook] c.a.c.n.registry.NacosServiceRegistry    : De-registration finished.
16:20:12:268  INFO 12124 --- [SpringApplicationShutdownHook] com.alibaba.nacos.common.remote.client   : Shutdown rpc client, set status to shutdown
16:20:12:268  INFO 12124 --- [SpringApplicationShutdownHook] com.alibaba.nacos.common.remote.client   : Shutdown client event executor java.util.concurrent.ScheduledThreadPoolExecutor@396c8a45[Running, pool size = 2, active threads = 2, queued tasks = 0, completed tasks = 0]
16:20:12:268  INFO 12124 --- [SpringApplicationShutdownHook] com.alibaba.nacos.common.remote.client   : Close current connection 1758529015035_120.8.140.69_37023
16:20:12:272  INFO 12124 --- [SpringApplicationShutdownHook] c.a.n.c.remote.client.grpc.GrpcClient    : Shutdown grpc executor java.util.concurrent.ThreadPoolExecutor@67e109a1[Running, pool size = 4, active threads = 0, queued tasks = 0, completed tasks = 69]
16:20:21:787  INFO 27240 --- [main] com.hmall.item.ItemApplication           : Starting ItemApplication using Java 11.0.28 on YX with PID 27240 (D:\project\java\hmall\item-service\target\classes started by a3351 in D:\project\java\hmall)
16:20:21:789 DEBUG 27240 --- [main] com.hmall.item.ItemApplication           : Running with Spring Boot v2.7.12, Spring v5.3.27
16:20:21:789  INFO 27240 --- [main] com.hmall.item.ItemApplication           : The following 1 profile is active: "local"
16:20:22:699  INFO 27240 --- [main] o.s.cloud.context.scope.GenericScope     : BeanFactory id=5e9bee20-566e-3312-9013-b264af276fc5
16:20:23:020  INFO 27240 --- [main] o.s.b.w.embedded.tomcat.TomcatWebServer  : Tomcat initialized with port(s): 8081 (http)
16:20:23:028  INFO 27240 --- [main] o.apache.catalina.core.StandardService   : Starting service [Tomcat]
16:20:23:028  INFO 27240 --- [main] org.apache.catalina.core.StandardEngine  : Starting Servlet engine: [Apache Tomcat/9.0.75]
16:20:23:146  INFO 27240 --- [main] o.a.c.c.C.[Tomcat].[localhost].[/]       : Initializing Spring embedded WebApplicationContext
16:20:23:146  INFO 27240 --- [main] w.s.c.ServletWebServerApplicationContext : Root WebApplicationContext: initialization completed in 1319 ms
16:20:24:926  INFO 27240 --- [main] pertySourcedRequestMappingHandlerMapping : Mapped URL path [/v2/api-docs] onto method [springfox.documentation.swagger2.web.Swagger2ControllerWebMvc#getDocumentation(String, HttpServletRequest)]
16:20:25:350  INFO 27240 --- [main] com.alibaba.nacos.common.remote.client   : [RpcClientFactory] create a new rpc client of 054e04d8-dd21-4fbf-aa29-6e3b520afc0f
16:20:25:388  INFO 27240 --- [main] org.reflections.Reflections              : Reflections took 20 ms to scan 1 urls, producing 3 keys and 6 values 
16:20:25:408  INFO 27240 --- [main] org.reflections.Reflections              : Reflections took 7 ms to scan 1 urls, producing 4 keys and 9 values 
16:20:25:417  INFO 27240 --- [main] org.reflections.Reflections              : Reflections took 6 ms to scan 1 urls, producing 3 keys and 10 values 
16:20:25:420  WARN 27240 --- [main] org.reflections.Reflections              : given scan urls are empty. set urls in the configuration
16:20:25:427  INFO 27240 --- [main] org.reflections.Reflections              : Reflections took 5 ms to scan 1 urls, producing 1 keys and 5 values 
16:20:25:434  INFO 27240 --- [main] org.reflections.Reflections              : Reflections took 5 ms to scan 1 urls, producing 1 keys and 7 values 
16:20:25:441  INFO 27240 --- [main] org.reflections.Reflections              : Reflections took 4 ms to scan 1 urls, producing 2 keys and 8 values 
16:20:25:444  WARN 27240 --- [main] org.reflections.Reflections              : given scan urls are empty. set urls in the configuration
16:20:25:445  INFO 27240 --- [main] com.alibaba.nacos.common.remote.client   : [054e04d8-dd21-4fbf-aa29-6e3b520afc0f] RpcClient init label, labels = {module=naming, source=sdk}
16:20:25:447  INFO 27240 --- [main] com.alibaba.nacos.common.remote.client   : [054e04d8-dd21-4fbf-aa29-6e3b520afc0f] RpcClient init, ServerListFactory = com.alibaba.nacos.client.naming.core.ServerListManager
16:20:25:447  INFO 27240 --- [main] com.alibaba.nacos.common.remote.client   : [054e04d8-dd21-4fbf-aa29-6e3b520afc0f] Registry connection listener to current client:com.alibaba.nacos.client.naming.remote.gprc.redo.NamingGrpcRedoService
16:20:25:447  INFO 27240 --- [main] com.alibaba.nacos.common.remote.client   : [054e04d8-dd21-4fbf-aa29-6e3b520afc0f] Register server push request handler:com.alibaba.nacos.client.naming.remote.gprc.NamingPushRequestHandler
16:20:25:449  INFO 27240 --- [main] com.alibaba.nacos.common.remote.client   : [054e04d8-dd21-4fbf-aa29-6e3b520afc0f] Try to connect to server on start up, server: {serverIp = '101.42.238.233', server main port = 8848}
16:20:26:671  INFO 27240 --- [main] com.alibaba.nacos.common.remote.client   : [054e04d8-dd21-4fbf-aa29-6e3b520afc0f] Success to connect to server [101.42.238.233:8848] on start up, connectionId = 1758529226039_120.8.140.69_37265
16:20:26:673  INFO 27240 --- [com.alibaba.nacos.client.remote.worker] com.alibaba.nacos.common.remote.client   : [054e04d8-dd21-4fbf-aa29-6e3b520afc0f] Notify connected event to listeners.
16:20:26:673  INFO 27240 --- [main] com.alibaba.nacos.common.remote.client   : [054e04d8-dd21-4fbf-aa29-6e3b520afc0f] Register server push request handler:com.alibaba.nacos.common.remote.client.RpcClient$ConnectResetRequestHandler
16:20:26:673  INFO 27240 --- [main] com.alibaba.nacos.common.remote.client   : [054e04d8-dd21-4fbf-aa29-6e3b520afc0f] Register server push request handler:com.alibaba.nacos.common.remote.client.RpcClient$$Lambda$902/0x000000080067b840
16:20:26:726  INFO 27240 --- [main] o.s.b.w.embedded.tomcat.TomcatWebServer  : Tomcat started on port(s): 8081 (http) with context path ''
16:20:26:752  INFO 27240 --- [main] c.a.c.n.registry.NacosServiceRegistry    : nacos registry, DEFAULT_GROUP item-service 192.168.91.1:8081 register finished
16:20:26:975  INFO 27240 --- [main] d.s.w.p.DocumentationPluginsBootstrapper : Documentation plugins bootstrapped
16:20:26:977  INFO 27240 --- [main] d.s.w.p.DocumentationPluginsBootstrapper : Found 1 custom documentation plugin(s)
16:20:26:995  INFO 27240 --- [main] s.d.s.w.s.ApiListingReferenceScanner     : Scanning for api listing references
16:20:27:102  INFO 27240 --- [main] com.hmall.item.ItemApplication           : Started ItemApplication in 6.254 seconds (JVM running for 7.687)
16:20:27:252  INFO 27240 --- [nacos-grpc-client-executor-9] com.alibaba.nacos.common.remote.client   : [054e04d8-dd21-4fbf-aa29-6e3b520afc0f] Receive server push request, request = NotifySubscriberRequest, requestId = 4
16:20:27:254  INFO 27240 --- [nacos-grpc-client-executor-9] com.alibaba.nacos.common.remote.client   : [054e04d8-dd21-4fbf-aa29-6e3b520afc0f] Ack server push request, request = NotifySubscriberRequest, requestId = 4
16:21:48:358  WARN 27240 --- [Thread-7] c.a.n.common.http.HttpClientBeanHolder   : [HttpClientBeanHolder] Start destroying common HttpClient
16:21:48:358  WARN 27240 --- [Thread-4] c.a.nacos.common.notify.NotifyCenter     : [NotifyCenter] Start destroying Publisher
16:21:48:358  WARN 27240 --- [Thread-4] c.a.nacos.common.notify.NotifyCenter     : [NotifyCenter] Destruction of the end
16:21:48:359  WARN 27240 --- [Thread-7] c.a.n.common.http.HttpClientBeanHolder   : [HttpClientBeanHolder] Destruction of the end
16:21:48:578  INFO 27240 --- [SpringApplicationShutdownHook] c.a.c.n.registry.NacosServiceRegistry    : De-registering from Nacos Server now...
16:21:48:606  INFO 27240 --- [SpringApplicationShutdownHook] c.a.c.n.registry.NacosServiceRegistry    : De-registration finished.
16:21:48:930  INFO 27240 --- [SpringApplicationShutdownHook] com.alibaba.nacos.common.remote.client   : Shutdown rpc client, set status to shutdown
16:21:48:931  INFO 27240 --- [SpringApplicationShutdownHook] com.alibaba.nacos.common.remote.client   : Shutdown client event executor java.util.concurrent.ScheduledThreadPoolExecutor@2a5c453[Running, pool size = 2, active threads = 2, queued tasks = 0, completed tasks = 0]
16:21:48:931  INFO 27240 --- [SpringApplicationShutdownHook] com.alibaba.nacos.common.remote.client   : Close current connection 1758529226039_120.8.140.69_37265
16:21:48:936  INFO 27240 --- [SpringApplicationShutdownHook] c.a.n.c.remote.client.grpc.GrpcClient    : Shutdown grpc executor java.util.concurrent.ThreadPoolExecutor@22a542ae[Running, pool size = 4, active threads = 0, queued tasks = 0, completed tasks = 32]
16:21:51:601  INFO 34248 --- [main] com.hmall.item.ItemApplication           : Starting ItemApplication using Java 11.0.28 on YX with PID 34248 (D:\project\java\hmall\item-service\target\classes started by a3351 in D:\project\java\hmall)
16:21:51:602 DEBUG 34248 --- [main] com.hmall.item.ItemApplication           : Running with Spring Boot v2.7.12, Spring v5.3.27
16:21:51:602  INFO 34248 --- [main] com.hmall.item.ItemApplication           : The following 1 profile is active: "local"
16:21:52:205  INFO 34248 --- [main] o.s.cloud.context.scope.GenericScope     : BeanFactory id=5e9bee20-566e-3312-9013-b264af276fc5
16:21:52:462  INFO 34248 --- [main] o.s.b.w.embedded.tomcat.TomcatWebServer  : Tomcat initialized with port(s): 8081 (http)
16:21:52:470  INFO 34248 --- [main] o.apache.catalina.core.StandardService   : Starting service [Tomcat]
16:21:52:470  INFO 34248 --- [main] org.apache.catalina.core.StandardEngine  : Starting Servlet engine: [Apache Tomcat/9.0.75]
16:21:52:579  INFO 34248 --- [main] o.a.c.c.C.[Tomcat].[localhost].[/]       : Initializing Spring embedded WebApplicationContext
16:21:52:579  INFO 34248 --- [main] w.s.c.ServletWebServerApplicationContext : Root WebApplicationContext: initialization completed in 951 ms
16:21:54:225  INFO 34248 --- [main] pertySourcedRequestMappingHandlerMapping : Mapped URL path [/v2/api-docs] onto method [springfox.documentation.swagger2.web.Swagger2ControllerWebMvc#getDocumentation(String, HttpServletRequest)]
16:21:54:673  INFO 34248 --- [main] com.alibaba.nacos.common.remote.client   : [RpcClientFactory] create a new rpc client of f696134c-2ff5-4d66-ae06-f3acb49e7374
16:21:54:712  INFO 34248 --- [main] org.reflections.Reflections              : Reflections took 22 ms to scan 1 urls, producing 3 keys and 6 values 
16:21:54:740  INFO 34248 --- [main] org.reflections.Reflections              : Reflections took 11 ms to scan 1 urls, producing 4 keys and 9 values 
16:21:54:749  INFO 34248 --- [main] org.reflections.Reflections              : Reflections took 7 ms to scan 1 urls, producing 3 keys and 10 values 
16:21:54:751  WARN 34248 --- [main] org.reflections.Reflections              : given scan urls are empty. set urls in the configuration
16:21:54:758  INFO 34248 --- [main] org.reflections.Reflections              : Reflections took 6 ms to scan 1 urls, producing 1 keys and 5 values 
16:21:54:767  INFO 34248 --- [main] org.reflections.Reflections              : Reflections took 7 ms to scan 1 urls, producing 1 keys and 7 values 
16:21:54:778  INFO 34248 --- [main] org.reflections.Reflections              : Reflections took 8 ms to scan 1 urls, producing 2 keys and 8 values 
16:21:54:780  WARN 34248 --- [main] org.reflections.Reflections              : given scan urls are empty. set urls in the configuration
16:21:54:780  INFO 34248 --- [main] com.alibaba.nacos.common.remote.client   : [f696134c-2ff5-4d66-ae06-f3acb49e7374] RpcClient init label, labels = {module=naming, source=sdk}
16:21:54:782  INFO 34248 --- [main] com.alibaba.nacos.common.remote.client   : [f696134c-2ff5-4d66-ae06-f3acb49e7374] RpcClient init, ServerListFactory = com.alibaba.nacos.client.naming.core.ServerListManager
16:21:54:782  INFO 34248 --- [main] com.alibaba.nacos.common.remote.client   : [f696134c-2ff5-4d66-ae06-f3acb49e7374] Registry connection listener to current client:com.alibaba.nacos.client.naming.remote.gprc.redo.NamingGrpcRedoService
16:21:54:784  INFO 34248 --- [main] com.alibaba.nacos.common.remote.client   : [f696134c-2ff5-4d66-ae06-f3acb49e7374] Register server push request handler:com.alibaba.nacos.client.naming.remote.gprc.NamingPushRequestHandler
16:21:54:785  INFO 34248 --- [main] com.alibaba.nacos.common.remote.client   : [f696134c-2ff5-4d66-ae06-f3acb49e7374] Try to connect to server on start up, server: {serverIp = '101.42.238.233', server main port = 8848}
16:21:55:219  INFO 34204 --- [main] com.hmall.item.ItemApplication           : Starting ItemApplication using Java 11.0.28 on YX with PID 34204 (D:\project\java\hmall\item-service\target\classes started by a3351 in D:\project\java\hmall)
16:21:55:220 DEBUG 34204 --- [main] com.hmall.item.ItemApplication           : Running with Spring Boot v2.7.12, Spring v5.3.27
16:21:55:221  INFO 34204 --- [main] com.hmall.item.ItemApplication           : The following 1 profile is active: "local"
16:21:55:940  INFO 34204 --- [main] o.s.cloud.context.scope.GenericScope     : BeanFactory id=5e9bee20-566e-3312-9013-b264af276fc5
16:21:56:179  INFO 34248 --- [main] com.alibaba.nacos.common.remote.client   : [f696134c-2ff5-4d66-ae06-f3acb49e7374] Success to connect to server [101.42.238.233:8848] on start up, connectionId = 1758529315515_120.8.140.69_37345
16:21:56:180  INFO 34248 --- [com.alibaba.nacos.client.remote.worker] com.alibaba.nacos.common.remote.client   : [f696134c-2ff5-4d66-ae06-f3acb49e7374] Notify connected event to listeners.
16:21:56:180  INFO 34248 --- [main] com.alibaba.nacos.common.remote.client   : [f696134c-2ff5-4d66-ae06-f3acb49e7374] Register server push request handler:com.alibaba.nacos.common.remote.client.RpcClient$ConnectResetRequestHandler
16:21:56:180  INFO 34248 --- [main] com.alibaba.nacos.common.remote.client   : [f696134c-2ff5-4d66-ae06-f3acb49e7374] Register server push request handler:com.alibaba.nacos.common.remote.client.RpcClient$$Lambda$902/0x000000080067b840
16:21:56:195  INFO 34204 --- [main] o.s.b.w.embedded.tomcat.TomcatWebServer  : Tomcat initialized with port(s): 8081 (http)
16:21:56:201  INFO 34204 --- [main] o.apache.catalina.core.StandardService   : Starting service [Tomcat]
16:21:56:201  INFO 34204 --- [main] org.apache.catalina.core.StandardEngine  : Starting Servlet engine: [Apache Tomcat/9.0.75]
16:21:56:250  INFO 34248 --- [main] o.s.b.w.embedded.tomcat.TomcatWebServer  : Tomcat started on port(s): 8081 (http) with context path ''
16:21:56:286  INFO 34248 --- [main] c.a.c.n.registry.NacosServiceRegistry    : nacos registry, DEFAULT_GROUP item-service 192.168.91.1:8081 register finished
16:21:56:310  INFO 34204 --- [main] o.a.c.c.C.[Tomcat].[localhost].[/]       : Initializing Spring embedded WebApplicationContext
16:21:56:310  INFO 34204 --- [main] w.s.c.ServletWebServerApplicationContext : Root WebApplicationContext: initialization completed in 1060 ms
16:21:56:554  INFO 34248 --- [main] d.s.w.p.DocumentationPluginsBootstrapper : Documentation plugins bootstrapped
16:21:56:558  INFO 34248 --- [main] d.s.w.p.DocumentationPluginsBootstrapper : Found 1 custom documentation plugin(s)
16:21:56:584  INFO 34248 --- [main] s.d.s.w.s.ApiListingReferenceScanner     : Scanning for api listing references
16:21:56:697  INFO 34248 --- [main] com.hmall.item.ItemApplication           : Started ItemApplication in 5.806 seconds (JVM running for 6.586)
16:21:56:745  INFO 34248 --- [nacos-grpc-client-executor-9] com.alibaba.nacos.common.remote.client   : [f696134c-2ff5-4d66-ae06-f3acb49e7374] Receive server push request, request = NotifySubscriberRequest, requestId = 6
16:21:56:749  INFO 34248 --- [nacos-grpc-client-executor-9] com.alibaba.nacos.common.remote.client   : [f696134c-2ff5-4d66-ae06-f3acb49e7374] Ack server push request, request = NotifySubscriberRequest, requestId = 6
16:21:57:856  INFO 34204 --- [main] pertySourcedRequestMappingHandlerMapping : Mapped URL path [/v2/api-docs] onto method [springfox.documentation.swagger2.web.Swagger2ControllerWebMvc#getDocumentation(String, HttpServletRequest)]
16:21:58:181  INFO 34204 --- [main] com.alibaba.nacos.common.remote.client   : [RpcClientFactory] create a new rpc client of 9d1922d0-6969-44b4-a370-7305e584a0e8
16:21:58:207  INFO 34204 --- [main] org.reflections.Reflections              : Reflections took 14 ms to scan 1 urls, producing 3 keys and 6 values 
16:21:58:224  INFO 34204 --- [main] org.reflections.Reflections              : Reflections took 7 ms to scan 1 urls, producing 4 keys and 9 values 
16:21:58:231  INFO 34204 --- [main] org.reflections.Reflections              : Reflections took 5 ms to scan 1 urls, producing 3 keys and 10 values 
16:21:58:233  WARN 34204 --- [main] org.reflections.Reflections              : given scan urls are empty. set urls in the configuration
16:21:58:238  INFO 34204 --- [main] org.reflections.Reflections              : Reflections took 4 ms to scan 1 urls, producing 1 keys and 5 values 
16:21:58:245  INFO 34204 --- [main] org.reflections.Reflections              : Reflections took 5 ms to scan 1 urls, producing 1 keys and 7 values 
16:21:58:252  INFO 34204 --- [main] org.reflections.Reflections              : Reflections took 5 ms to scan 1 urls, producing 2 keys and 8 values 
16:21:58:254  WARN 34204 --- [main] org.reflections.Reflections              : given scan urls are empty. set urls in the configuration
16:21:58:255  INFO 34204 --- [main] com.alibaba.nacos.common.remote.client   : [9d1922d0-6969-44b4-a370-7305e584a0e8] RpcClient init label, labels = {module=naming, source=sdk}
16:21:58:256  INFO 34204 --- [main] com.alibaba.nacos.common.remote.client   : [9d1922d0-6969-44b4-a370-7305e584a0e8] RpcClient init, ServerListFactory = com.alibaba.nacos.client.naming.core.ServerListManager
16:21:58:256  INFO 34204 --- [main] com.alibaba.nacos.common.remote.client   : [9d1922d0-6969-44b4-a370-7305e584a0e8] Registry connection listener to current client:com.alibaba.nacos.client.naming.remote.gprc.redo.NamingGrpcRedoService
16:21:58:257  INFO 34204 --- [main] com.alibaba.nacos.common.remote.client   : [9d1922d0-6969-44b4-a370-7305e584a0e8] Register server push request handler:com.alibaba.nacos.client.naming.remote.gprc.NamingPushRequestHandler
16:21:58:258  INFO 34204 --- [main] com.alibaba.nacos.common.remote.client   : [9d1922d0-6969-44b4-a370-7305e584a0e8] Try to connect to server on start up, server: {serverIp = '101.42.238.233', server main port = 8848}
16:21:59:279  INFO 34204 --- [main] com.alibaba.nacos.common.remote.client   : [9d1922d0-6969-44b4-a370-7305e584a0e8] Success to connect to server [101.42.238.233:8848] on start up, connectionId = 1758529318639_120.8.140.69_37347
16:21:59:279  INFO 34204 --- [com.alibaba.nacos.client.remote.worker] com.alibaba.nacos.common.remote.client   : [9d1922d0-6969-44b4-a370-7305e584a0e8] Notify connected event to listeners.
16:21:59:280  INFO 34204 --- [main] com.alibaba.nacos.common.remote.client   : [9d1922d0-6969-44b4-a370-7305e584a0e8] Register server push request handler:com.alibaba.nacos.common.remote.client.RpcClient$ConnectResetRequestHandler
16:21:59:280  INFO 34204 --- [main] com.alibaba.nacos.common.remote.client   : [9d1922d0-6969-44b4-a370-7305e584a0e8] Register server push request handler:com.alibaba.nacos.common.remote.client.RpcClient$$Lambda$902/0x000000080067b840
16:21:59:332  WARN 34204 --- [main] ConfigServletWebServerApplicationContext : Exception encountered during context initialization - cancelling refresh attempt: org.springframework.context.ApplicationContextException: Failed to start bean 'webServerStartStop'; nested exception is org.springframework.boot.web.server.PortInUseException: Port 8081 is already in use
16:21:59:840  INFO 34204 --- [nacos-grpc-client-executor-7] com.alibaba.nacos.common.remote.client   : [9d1922d0-6969-44b4-a370-7305e584a0e8] Receive server push request, request = NotifySubscriberRequest, requestId = 7
16:21:59:842  INFO 34204 --- [nacos-grpc-client-executor-7] com.alibaba.nacos.common.remote.client   : [9d1922d0-6969-44b4-a370-7305e584a0e8] Ack server push request, request = NotifySubscriberRequest, requestId = 7
16:21:59:979  INFO 34204 --- [main] com.alibaba.nacos.common.remote.client   : Shutdown rpc client, set status to shutdown
16:21:59:979  INFO 34204 --- [main] com.alibaba.nacos.common.remote.client   : Shutdown client event executor java.util.concurrent.ScheduledThreadPoolExecutor@4790b897[Running, pool size = 2, active threads = 2, queued tasks = 0, completed tasks = 0]
16:21:59:979  INFO 34204 --- [main] com.alibaba.nacos.common.remote.client   : Close current connection 1758529318639_120.8.140.69_37347
16:21:59:982  INFO 34204 --- [main] c.a.n.c.remote.client.grpc.GrpcClient    : Shutdown grpc executor java.util.concurrent.ThreadPoolExecutor@42ebece0[Running, pool size = 8, active threads = 0, queued tasks = 0, completed tasks = 8]
16:21:59:984  INFO 34204 --- [main] com.alibaba.nacos.common.remote.client   : [RpcClientFactory] create a new rpc client of 82c8a8d3-ae7b-403e-840e-00b1819cdeca
16:21:59:984  INFO 34204 --- [main] com.alibaba.nacos.common.remote.client   : [82c8a8d3-ae7b-403e-840e-00b1819cdeca] RpcClient init label, labels = {module=naming, source=sdk}
16:21:59:984  INFO 34204 --- [main] com.alibaba.nacos.common.remote.client   : [82c8a8d3-ae7b-403e-840e-00b1819cdeca] RpcClient init, ServerListFactory = com.alibaba.nacos.client.naming.core.ServerListManager
16:21:59:984  INFO 34204 --- [main] com.alibaba.nacos.common.remote.client   : [82c8a8d3-ae7b-403e-840e-00b1819cdeca] Registry connection listener to current client:com.alibaba.nacos.client.naming.remote.gprc.redo.NamingGrpcRedoService
16:21:59:984  INFO 34204 --- [main] com.alibaba.nacos.common.remote.client   : [82c8a8d3-ae7b-403e-840e-00b1819cdeca] Register server push request handler:com.alibaba.nacos.client.naming.remote.gprc.NamingPushRequestHandler
16:21:59:984  INFO 34204 --- [main] com.alibaba.nacos.common.remote.client   : [82c8a8d3-ae7b-403e-840e-00b1819cdeca] Try to connect to server on start up, server: {serverIp = '101.42.238.233', server main port = 8848}
16:21:59:998  INFO 34204 --- [grpc-nio-worker-ELG-1-2] c.a.n.s.i.g.i.AbstractClientStream       : Received trailers on closed stream:
 Metadata()
 {2}
16:22:00:209  INFO 34204 --- [main] com.alibaba.nacos.common.remote.client   : [82c8a8d3-ae7b-403e-840e-00b1819cdeca] Success to connect to server [101.42.238.233:8848] on start up, connectionId = 1758529319589_120.8.140.69_37348
16:22:00:209  INFO 34204 --- [main] com.alibaba.nacos.common.remote.client   : [82c8a8d3-ae7b-403e-840e-00b1819cdeca] Register server push request handler:com.alibaba.nacos.common.remote.client.RpcClient$ConnectResetRequestHandler
16:22:00:209  INFO 34204 --- [com.alibaba.nacos.client.remote.worker] com.alibaba.nacos.common.remote.client   : [82c8a8d3-ae7b-403e-840e-00b1819cdeca] Notify connected event to listeners.
16:22:00:209  INFO 34204 --- [main] com.alibaba.nacos.common.remote.client   : [82c8a8d3-ae7b-403e-840e-00b1819cdeca] Register server push request handler:com.alibaba.nacos.common.remote.client.RpcClient$$Lambda$902/0x000000080067b840
16:22:00:252  INFO 34204 --- [main] o.apache.catalina.core.StandardService   : Stopping service [Tomcat]
16:22:00:261  INFO 34204 --- [main] ConditionEvaluationReportLoggingListener : 

Error starting ApplicationContext. To display the conditions report re-run your application with 'debug' enabled.
16:22:00:291 ERROR 34204 --- [main] o.s.b.d.LoggingFailureAnalysisReporter   : 

***************************
APPLICATION FAILED TO START
***************************

Description:

Web server failed to start. Port 8081 was already in use.

Action:

Identify and stop the process that's listening on port 8081 or configure this application to listen on another port.

16:22:00:293  WARN 34204 --- [Thread-4] c.a.nacos.common.notify.NotifyCenter     : [NotifyCenter] Start destroying Publisher
16:22:00:293  WARN 34204 --- [Thread-4] c.a.nacos.common.notify.NotifyCenter     : [NotifyCenter] Destruction of the end
16:22:00:293  WARN 34204 --- [Thread-7] c.a.n.common.http.HttpClientBeanHolder   : [HttpClientBeanHolder] Start destroying common HttpClient
16:22:08:049  INFO 33296 --- [main] com.hmall.item.ItemApplication           : Starting ItemApplication using Java 11.0.28 on YX with PID 33296 (D:\project\java\hmall\item-service\target\classes started by a3351 in D:\project\java\hmall)
16:22:08:051 DEBUG 33296 --- [main] com.hmall.item.ItemApplication           : Running with Spring Boot v2.7.12, Spring v5.3.27
16:22:08:052  INFO 33296 --- [main] com.hmall.item.ItemApplication           : The following 1 profile is active: "local"
16:22:08:967  INFO 33296 --- [main] o.s.cloud.context.scope.GenericScope     : BeanFactory id=5e9bee20-566e-3312-9013-b264af276fc5
16:22:09:297  INFO 33296 --- [main] o.s.b.w.embedded.tomcat.TomcatWebServer  : Tomcat initialized with port(s): 8081 (http)
16:22:09:305  INFO 33296 --- [main] o.apache.catalina.core.StandardService   : Starting service [Tomcat]
16:22:09:305  INFO 33296 --- [main] org.apache.catalina.core.StandardEngine  : Starting Servlet engine: [Apache Tomcat/9.0.75]
16:22:09:420  INFO 33296 --- [main] o.a.c.c.C.[Tomcat].[localhost].[/]       : Initializing Spring embedded WebApplicationContext
16:22:09:420  INFO 33296 --- [main] w.s.c.ServletWebServerApplicationContext : Root WebApplicationContext: initialization completed in 1312 ms
16:22:10:987  INFO 33296 --- [main] pertySourcedRequestMappingHandlerMapping : Mapped URL path [/v2/api-docs] onto method [springfox.documentation.swagger2.web.Swagger2ControllerWebMvc#getDocumentation(String, HttpServletRequest)]
16:22:11:342  INFO 33296 --- [main] com.alibaba.nacos.common.remote.client   : [RpcClientFactory] create a new rpc client of aac27737-c1d1-4386-856c-d30b5240b4e8
16:22:11:370  INFO 33296 --- [main] org.reflections.Reflections              : Reflections took 15 ms to scan 1 urls, producing 3 keys and 6 values 
16:22:11:387  INFO 33296 --- [main] org.reflections.Reflections              : Reflections took 7 ms to scan 1 urls, producing 4 keys and 9 values 
16:22:11:394  INFO 33296 --- [main] org.reflections.Reflections              : Reflections took 4 ms to scan 1 urls, producing 3 keys and 10 values 
16:22:11:396  WARN 33296 --- [main] org.reflections.Reflections              : given scan urls are empty. set urls in the configuration
16:22:11:402  INFO 33296 --- [main] org.reflections.Reflections              : Reflections took 6 ms to scan 1 urls, producing 1 keys and 5 values 
16:22:11:410  INFO 33296 --- [main] org.reflections.Reflections              : Reflections took 5 ms to scan 1 urls, producing 1 keys and 7 values 
16:22:11:416  INFO 33296 --- [main] org.reflections.Reflections              : Reflections took 5 ms to scan 1 urls, producing 2 keys and 8 values 
16:22:11:418  WARN 33296 --- [main] org.reflections.Reflections              : given scan urls are empty. set urls in the configuration
16:22:11:419  INFO 33296 --- [main] com.alibaba.nacos.common.remote.client   : [aac27737-c1d1-4386-856c-d30b5240b4e8] RpcClient init label, labels = {module=naming, source=sdk}
16:22:11:421  INFO 33296 --- [main] com.alibaba.nacos.common.remote.client   : [aac27737-c1d1-4386-856c-d30b5240b4e8] RpcClient init, ServerListFactory = com.alibaba.nacos.client.naming.core.ServerListManager
16:22:11:421  INFO 33296 --- [main] com.alibaba.nacos.common.remote.client   : [aac27737-c1d1-4386-856c-d30b5240b4e8] Registry connection listener to current client:com.alibaba.nacos.client.naming.remote.gprc.redo.NamingGrpcRedoService
16:22:11:421  INFO 33296 --- [main] com.alibaba.nacos.common.remote.client   : [aac27737-c1d1-4386-856c-d30b5240b4e8] Register server push request handler:com.alibaba.nacos.client.naming.remote.gprc.NamingPushRequestHandler
16:22:11:422  INFO 33296 --- [main] com.alibaba.nacos.common.remote.client   : [aac27737-c1d1-4386-856c-d30b5240b4e8] Try to connect to server on start up, server: {serverIp = '101.42.238.233', server main port = 8848}
16:22:12:626  INFO 33296 --- [main] com.alibaba.nacos.common.remote.client   : [aac27737-c1d1-4386-856c-d30b5240b4e8] Success to connect to server [101.42.238.233:8848] on start up, connectionId = 1758529331905_120.8.140.69_37361
16:22:12:627  INFO 33296 --- [main] com.alibaba.nacos.common.remote.client   : [aac27737-c1d1-4386-856c-d30b5240b4e8] Register server push request handler:com.alibaba.nacos.common.remote.client.RpcClient$ConnectResetRequestHandler
16:22:12:627  INFO 33296 --- [main] com.alibaba.nacos.common.remote.client   : [aac27737-c1d1-4386-856c-d30b5240b4e8] Register server push request handler:com.alibaba.nacos.common.remote.client.RpcClient$$Lambda$902/0x000000080067b840
16:22:12:634  INFO 33296 --- [com.alibaba.nacos.client.remote.worker] com.alibaba.nacos.common.remote.client   : [aac27737-c1d1-4386-856c-d30b5240b4e8] Notify connected event to listeners.
16:22:12:701  WARN 33296 --- [main] ConfigServletWebServerApplicationContext : Exception encountered during context initialization - cancelling refresh attempt: org.springframework.context.ApplicationContextException: Failed to start bean 'webServerStartStop'; nested exception is org.springframework.boot.web.server.PortInUseException: Port 8081 is already in use
16:22:13:266  INFO 33296 --- [nacos-grpc-client-executor-6] com.alibaba.nacos.common.remote.client   : [aac27737-c1d1-4386-856c-d30b5240b4e8] Receive server push request, request = NotifySubscriberRequest, requestId = 8
16:22:13:268  INFO 33296 --- [nacos-grpc-client-executor-6] com.alibaba.nacos.common.remote.client   : [aac27737-c1d1-4386-856c-d30b5240b4e8] Ack server push request, request = NotifySubscriberRequest, requestId = 8
16:22:13:357  INFO 33296 --- [main] com.alibaba.nacos.common.remote.client   : Shutdown rpc client, set status to shutdown
16:22:13:357  INFO 33296 --- [main] com.alibaba.nacos.common.remote.client   : Shutdown client event executor java.util.concurrent.ScheduledThreadPoolExecutor@c2f7c63[Running, pool size = 2, active threads = 2, queued tasks = 0, completed tasks = 0]
16:22:13:357  INFO 33296 --- [main] com.alibaba.nacos.common.remote.client   : Close current connection 1758529331905_120.8.140.69_37361
16:22:13:361  INFO 33296 --- [main] c.a.n.c.remote.client.grpc.GrpcClient    : Shutdown grpc executor java.util.concurrent.ThreadPoolExecutor@33ccead[Running, pool size = 7, active threads = 0, queued tasks = 0, completed tasks = 7]
16:22:13:362  INFO 33296 --- [main] com.alibaba.nacos.common.remote.client   : [RpcClientFactory] create a new rpc client of 284887a3-d7a6-4e94-a327-5937df1f2f7b
16:22:13:362  INFO 33296 --- [main] com.alibaba.nacos.common.remote.client   : [284887a3-d7a6-4e94-a327-5937df1f2f7b] RpcClient init label, labels = {module=naming, source=sdk}
16:22:13:363  INFO 33296 --- [main] com.alibaba.nacos.common.remote.client   : [284887a3-d7a6-4e94-a327-5937df1f2f7b] RpcClient init, ServerListFactory = com.alibaba.nacos.client.naming.core.ServerListManager
16:22:13:363  INFO 33296 --- [main] com.alibaba.nacos.common.remote.client   : [284887a3-d7a6-4e94-a327-5937df1f2f7b] Registry connection listener to current client:com.alibaba.nacos.client.naming.remote.gprc.redo.NamingGrpcRedoService
16:22:13:363  INFO 33296 --- [main] com.alibaba.nacos.common.remote.client   : [284887a3-d7a6-4e94-a327-5937df1f2f7b] Register server push request handler:com.alibaba.nacos.client.naming.remote.gprc.NamingPushRequestHandler
16:22:13:363  INFO 33296 --- [main] com.alibaba.nacos.common.remote.client   : [284887a3-d7a6-4e94-a327-5937df1f2f7b] Try to connect to server on start up, server: {serverIp = '101.42.238.233', server main port = 8848}
16:22:13:386  INFO 33296 --- [grpc-nio-worker-ELG-1-2] c.a.n.s.i.g.i.AbstractClientStream       : Received trailers on closed stream:
 Metadata()
 {2}
16:22:13:528  INFO 33296 --- [main] com.alibaba.nacos.common.remote.client   : [284887a3-d7a6-4e94-a327-5937df1f2f7b] Success to connect to server [101.42.238.233:8848] on start up, connectionId = 1758529332942_120.8.140.69_37365
16:22:13:528  INFO 33296 --- [main] com.alibaba.nacos.common.remote.client   : [284887a3-d7a6-4e94-a327-5937df1f2f7b] Register server push request handler:com.alibaba.nacos.common.remote.client.RpcClient$ConnectResetRequestHandler
16:22:13:528  INFO 33296 --- [com.alibaba.nacos.client.remote.worker] com.alibaba.nacos.common.remote.client   : [284887a3-d7a6-4e94-a327-5937df1f2f7b] Notify connected event to listeners.
16:22:13:528  INFO 33296 --- [main] com.alibaba.nacos.common.remote.client   : [284887a3-d7a6-4e94-a327-5937df1f2f7b] Register server push request handler:com.alibaba.nacos.common.remote.client.RpcClient$$Lambda$902/0x000000080067b840
16:22:13:558  INFO 33296 --- [main] o.apache.catalina.core.StandardService   : Stopping service [Tomcat]
16:22:13:582  INFO 33296 --- [main] ConditionEvaluationReportLoggingListener : 

Error starting ApplicationContext. To display the conditions report re-run your application with 'debug' enabled.
16:22:13:600 ERROR 33296 --- [main] o.s.b.d.LoggingFailureAnalysisReporter   : 

***************************
APPLICATION FAILED TO START
***************************

Description:

Web server failed to start. Port 8081 was already in use.

Action:

Identify and stop the process that's listening on port 8081 or configure this application to listen on another port.

16:22:13:602  WARN 33296 --- [Thread-4] c.a.nacos.common.notify.NotifyCenter     : [NotifyCenter] Start destroying Publisher
16:22:13:602  WARN 33296 --- [Thread-7] c.a.n.common.http.HttpClientBeanHolder   : [HttpClientBeanHolder] Start destroying common HttpClient
16:22:13:602  WARN 33296 --- [Thread-4] c.a.nacos.common.notify.NotifyCenter     : [NotifyCenter] Destruction of the end
16:22:13:602  WARN 33296 --- [Thread-7] c.a.n.common.http.HttpClientBeanHolder   : [HttpClientBeanHolder] Destruction of the end
