15:13:16:461  INFO 34612 --- [main] com.hmall.item.ItemApplication           : Starting ItemApplication using Java 17.0.12 on YX with PID 34612 (D:\project\java\hmall\item-service\target\classes started by a3351 in D:\project\java\hmall\item-service)
15:13:16:463 DEBUG 34612 --- [main] com.hmall.item.ItemApplication           : Running with Spring Boot v2.7.12, Spring v5.3.27
15:13:16:464  INFO 34612 --- [main] com.hmall.item.ItemApplication           : The following 1 profile is active: "dev"
15:13:17:335  INFO 34612 --- [main] o.s.cloud.context.scope.GenericScope     : BeanFactory id=6e29fb7a-8b32-37cc-ac6f-6875b8b73baf
15:13:17:717  INFO 34612 --- [main] o.s.b.w.embedded.tomcat.TomcatWebServer  : Tomcat initialized with port(s): 8081 (http)
15:13:17:725  INFO 34612 --- [main] o.apache.catalina.core.StandardService   : Starting service [Tomcat]
15:13:17:725  INFO 34612 --- [main] org.apache.catalina.core.StandardEngine  : Starting Servlet engine: [Apache Tomcat/9.0.75]
15:13:17:865  INFO 34612 --- [main] o.a.c.c.C.[Tomcat].[localhost].[/]       : Initializing Spring embedded WebApplicationContext
15:13:17:865  INFO 34612 --- [main] w.s.c.ServletWebServerApplicationContext : Root WebApplicationContext: initialization completed in 1350 ms
15:13:19:761  INFO 34612 --- [main] o.s.cloud.commons.util.InetUtils         : Cannot determine local hostname
15:13:20:943  INFO 34612 --- [main] o.s.cloud.commons.util.InetUtils         : Cannot determine local hostname
15:13:21:109  INFO 34612 --- [main] com.alibaba.nacos.common.remote.client   : [RpcClientFactory] create a new rpc client of 7534da19-1ce1-451e-9cd2-51355e3ca6dc
15:13:21:174  INFO 34612 --- [main] org.reflections.Reflections              : Reflections took 26 ms to scan 1 urls, producing 3 keys and 6 values 
15:13:21:221  INFO 34612 --- [main] org.reflections.Reflections              : Reflections took 12 ms to scan 1 urls, producing 4 keys and 9 values 
15:13:21:231  INFO 34612 --- [main] org.reflections.Reflections              : Reflections took 7 ms to scan 1 urls, producing 3 keys and 10 values 
15:13:21:233  WARN 34612 --- [main] org.reflections.Reflections              : given scan urls are empty. set urls in the configuration
15:13:21:240  INFO 34612 --- [main] org.reflections.Reflections              : Reflections took 6 ms to scan 1 urls, producing 1 keys and 5 values 
15:13:21:247  INFO 34612 --- [main] org.reflections.Reflections              : Reflections took 4 ms to scan 1 urls, producing 1 keys and 7 values 
15:13:21:259  INFO 34612 --- [main] org.reflections.Reflections              : Reflections took 8 ms to scan 1 urls, producing 2 keys and 8 values 
15:13:21:261  WARN 34612 --- [main] org.reflections.Reflections              : given scan urls are empty. set urls in the configuration
15:13:21:262  INFO 34612 --- [main] com.alibaba.nacos.common.remote.client   : [7534da19-1ce1-451e-9cd2-51355e3ca6dc] RpcClient init label, labels = {module=naming, source=sdk}
15:13:21:264  INFO 34612 --- [main] com.alibaba.nacos.common.remote.client   : [7534da19-1ce1-451e-9cd2-51355e3ca6dc] RpcClient init, ServerListFactory = com.alibaba.nacos.client.naming.core.ServerListManager
15:13:21:264  INFO 34612 --- [main] com.alibaba.nacos.common.remote.client   : [7534da19-1ce1-451e-9cd2-51355e3ca6dc] Registry connection listener to current client:com.alibaba.nacos.client.naming.remote.gprc.redo.NamingGrpcRedoService
15:13:21:266  INFO 34612 --- [main] com.alibaba.nacos.common.remote.client   : [7534da19-1ce1-451e-9cd2-51355e3ca6dc] Register server push request handler:com.alibaba.nacos.client.naming.remote.gprc.NamingPushRequestHandler
15:13:21:267  INFO 34612 --- [main] com.alibaba.nacos.common.remote.client   : [7534da19-1ce1-451e-9cd2-51355e3ca6dc] Try to connect to server on start up, server: {serverIp = '101.42.238.233', server main port = 8848}
15:13:22:144  INFO 34612 --- [main] com.alibaba.nacos.common.remote.client   : [7534da19-1ce1-451e-9cd2-51355e3ca6dc] Success to connect to server [101.42.238.233:8848] on start up, connectionId = 1758611601985_120.8.140.69_31419
15:13:22:144  INFO 34612 --- [com.alibaba.nacos.client.remote.worker] com.alibaba.nacos.common.remote.client   : [7534da19-1ce1-451e-9cd2-51355e3ca6dc] Notify connected event to listeners.
15:13:22:144  INFO 34612 --- [main] com.alibaba.nacos.common.remote.client   : [7534da19-1ce1-451e-9cd2-51355e3ca6dc] Register server push request handler:com.alibaba.nacos.common.remote.client.RpcClient$ConnectResetRequestHandler
15:13:22:146  INFO 34612 --- [main] com.alibaba.nacos.common.remote.client   : [7534da19-1ce1-451e-9cd2-51355e3ca6dc] Register server push request handler:com.alibaba.nacos.common.remote.client.RpcClient$$Lambda$902/0x000000008175c6b8
15:13:22:216  INFO 34612 --- [main] o.s.b.w.embedded.tomcat.TomcatWebServer  : Tomcat started on port(s): 8081 (http) with context path ''
15:13:22:252  INFO 34612 --- [main] c.a.c.n.registry.NacosServiceRegistry    : nacos registry, DEFAULT_GROUP item-service 192.168.91.1:8081 register finished
15:13:22:694  INFO 34612 --- [nacos-grpc-client-executor-9] com.alibaba.nacos.common.remote.client   : [7534da19-1ce1-451e-9cd2-51355e3ca6dc] Receive server push request, request = NotifySubscriberRequest, requestId = 62
15:13:22:697  INFO 34612 --- [nacos-grpc-client-executor-9] com.alibaba.nacos.common.remote.client   : [7534da19-1ce1-451e-9cd2-51355e3ca6dc] Ack server push request, request = NotifySubscriberRequest, requestId = 62
15:13:23:369  INFO 34612 --- [main] o.s.cloud.commons.util.InetUtils         : Cannot determine local hostname
15:13:23:555  INFO 34612 --- [main] com.hmall.item.ItemApplication           : Started ItemApplication in 8.858 seconds (JVM running for 9.408)
